[     342ms] [INFO] %cDownload the React DevTools for a better development experience: https://react.dev/link/react-devtools font-weight:bold @ http://localhost:3000/_next/static/chunks/1lc1_next_dist_0oz01pn._.js:2477
[     461ms] [LOG] [HMR] connected @ http://localhost:3000/_next/static/chunks/1lc1_next_dist_0oz01pn._.js:2477
[    1983ms] [WARNING] [DEPRECATED] Use `createWithEqualityFn` instead of `create` or use `useStoreWithEqualityFn` instead of `useStore`. They can be imported from 'zustand/traditional'. https://github.com/pmndrs/zustand/discussions/1937 @ https://app.cal.com/_next/static/chunks/109kium80v1.q.js:8
[    5790ms] [WARNING] The resource https://app.cal.com/_next/static/media/CalSansUI%5Bwght%2CGEOM%5D-s.p.17~pqx5aww0vr.woff2 was preloaded using link preload but not used within a few seconds from the window's load event. Please make sure it has an appropriate `as` value and it is preloaded intentionally. @ https://app.cal.com/beyond-dev-2wzrnz/15min/embed?layout=month_view&theme=light&embedType=inline&ui.color-scheme=light&embed=:0
[   10175ms] [WARNING] The resource https://app.cal.com/_next/static/media/CalSansUI%5Bwght%2CGEOM%5D-s.p.17~pqx5aww0vr.woff2 was preloaded using link preload but not used within a few seconds from the window's load event. Please make sure it has an appropriate `as` value and it is preloaded intentionally. @ https://app.cal.com/beyond-dev-2wzrnz/15min/embed?layout=month_view&theme=light&embedType=inline&ui.color-scheme=light&embed=:0
[  108004ms] [LOG] [Fast Refresh] rebuilding @ http://localhost:3000/_next/static/chunks/1lc1_next_dist_0oz01pn._.js:2477
[  108192ms] [LOG] [Fast Refresh] done in 53ms @ http://localhost:3000/_next/static/chunks/1lc1_next_dist_0oz01pn._.js:2477
[  110992ms] [LOG] [Fast Refresh] rebuilding @ http://localhost:3000/_next/static/chunks/1lc1_next_dist_0oz01pn._.js:2477
[  111143ms] [LOG] [Fast Refresh] done in 45ms @ http://localhost:3000/_next/static/chunks/1lc1_next_dist_0oz01pn._.js:2477
[  113185ms] [LOG] [Fast Refresh] rebuilding @ http://localhost:3000/_next/static/chunks/1lc1_next_dist_0oz01pn._.js:2477
[  113290ms] [LOG] [Fast Refresh] done in 50ms @ http://localhost:3000/_next/static/chunks/1lc1_next_dist_0oz01pn._.js:2477
[  116540ms] [LOG] [Fast Refresh] rebuilding @ http://localhost:3000/_next/static/chunks/1lc1_next_dist_0oz01pn._.js:2477
[  116647ms] [LOG] [Fast Refresh] done in 49ms @ http://localhost:3000/_next/static/chunks/1lc1_next_dist_0oz01pn._.js:2477
[  120407ms] [LOG] [Fast Refresh] rebuilding @ http://localhost:3000/_next/static/chunks/1lc1_next_dist_0oz01pn._.js:2477
[  120431ms] [LOG] [Fast Refresh] done in 122ms @ http://localhost:3000/_next/static/chunks/1lc1_next_dist_0oz01pn._.js:2477
[  120534ms] [LOG] [Fast Refresh] rebuilding @ http://localhost:3000/_next/static/chunks/1lc1_next_dist_0oz01pn._.js:2477
[  120608ms] [LOG] [Fast Refresh] done in 176ms @ http://localhost:3000/_next/static/chunks/1lc1_next_dist_0oz01pn._.js:2477
[  120728ms] [LOG] [Fast Refresh] rebuilding @ http://localhost:3000/_next/static/chunks/1lc1_next_dist_0oz01pn._.js:2477
[  120762ms] [LOG] [Fast Refresh] done in 138ms @ http://localhost:3000/_next/static/chunks/1lc1_next_dist_0oz01pn._.js:2477
[  130146ms] [WARNING] The resource https://app.cal.com/_next/static/media/CalSansUI%5Bwght%2CGEOM%5D-s.p.17~pqx5aww0vr.woff2 was preloaded using link preload but not used within a few seconds from the window's load event. Please make sure it has an appropriate `as` value and it is preloaded intentionally. @ https://app.cal.com/beyond-dev-2wzrnz/15min/embed?layout=month_view&theme=light&embedType=inline&ui.color-scheme=light&embed=:0
