[     118ms] [LOG] [Fast Refresh] rebuilding @ http://localhost:3000/_next/static/chunks/1lc1_next_dist_0oz01pn._.js:2477
[     227ms] [LOG] [Fast Refresh] done in 218ms @ http://localhost:3000/_next/static/chunks/1lc1_next_dist_0oz01pn._.js:2477
[     296ms] [INFO] %cDownload the React DevTools for a better development experience: https://react.dev/link/react-devtools font-weight:bold @ http://localhost:3000/_next/static/chunks/1lc1_next_dist_0oz01pn._.js:2477
[     332ms] [LOG] [HMR] connected @ http://localhost:3000/_next/static/chunks/1lc1_next_dist_0oz01pn._.js:2477
[    1843ms] [WARNING] [DEPRECATED] Use `createWithEqualityFn` instead of `create` or use `useStoreWithEqualityFn` instead of `useStore`. They can be imported from 'zustand/traditional'. https://github.com/pmndrs/zustand/discussions/1937 @ https://app.cal.com/_next/static/chunks/109kium80v1.q.js:8
[    5741ms] [WARNING] The resource https://app.cal.com/_next/static/media/CalSansUI%5Bwght%2CGEOM%5D-s.p.17~pqx5aww0vr.woff2 was preloaded using link preload but not used within a few seconds from the window's load event. Please make sure it has an appropriate `as` value and it is preloaded intentionally. @ https://app.cal.com/beyond-dev-2wzrnz/15min/embed?layout=month_view&theme=light&embedType=inline&ui.color-scheme=light&embed=:0
[    9973ms] [WARNING] The resource https://app.cal.com/_next/static/media/CalSansUI%5Bwght%2CGEOM%5D-s.p.17~pqx5aww0vr.woff2 was preloaded using link preload but not used within a few seconds from the window's load event. Please make sure it has an appropriate `as` value and it is preloaded intentionally. @ https://app.cal.com/beyond-dev-2wzrnz/15min/embed?layout=month_view&theme=light&embedType=inline&ui.color-scheme=light&embed=:0
[   21399ms] [LOG] [Fast Refresh] rebuilding @ http://localhost:3000/_next/static/chunks/1lc1_next_dist_0oz01pn._.js:2477
[   21426ms] [LOG] [Fast Refresh] done in 131ms @ http://localhost:3000/_next/static/chunks/1lc1_next_dist_0oz01pn._.js:2477
[   21506ms] [INFO] %cDownload the React DevTools for a better development experience: https://react.dev/link/react-devtools font-weight:bold @ http://localhost:3000/_next/static/chunks/1lc1_next_dist_0oz01pn._.js:2477
[   21524ms] [LOG] [HMR] connected @ http://localhost:3000/_next/static/chunks/1lc1_next_dist_0oz01pn._.js:2477
[   22613ms] [WARNING] [DEPRECATED] Use `createWithEqualityFn` instead of `create` or use `useStoreWithEqualityFn` instead of `useStore`. They can be imported from 'zustand/traditional'. https://github.com/pmndrs/zustand/discussions/1937 @ https://app.cal.com/_next/static/chunks/109kium80v1.q.js:8
[   26579ms] [WARNING] The resource https://app.cal.com/_next/static/media/CalSansUI%5Bwght%2CGEOM%5D-s.p.17~pqx5aww0vr.woff2 was preloaded using link preload but not used within a few seconds from the window's load event. Please make sure it has an appropriate `as` value and it is preloaded intentionally. @ https://app.cal.com/beyond-dev-2wzrnz/15min/embed?layout=month_view&theme=light&embedType=inline&ui.color-scheme=light&embed=:0
[   30762ms] [WARNING] The resource https://app.cal.com/_next/static/media/CalSansUI%5Bwght%2CGEOM%5D-s.p.17~pqx5aww0vr.woff2 was preloaded using link preload but not used within a few seconds from the window's load event. Please make sure it has an appropriate `as` value and it is preloaded intentionally. @ https://app.cal.com/beyond-dev-2wzrnz/15min/embed?layout=month_view&theme=light&embedType=inline&ui.color-scheme=light&embed=:0
[  114384ms] [LOG] [Fast Refresh] rebuilding @ http://localhost:3000/_next/static/chunks/1lc1_next_dist_0oz01pn._.js:2477
[  114482ms] [LOG] [Fast Refresh] done in 121ms @ http://localhost:3000/_next/static/chunks/1lc1_next_dist_0oz01pn._.js:2477
[  114586ms] [LOG] [Fast Refresh] rebuilding @ http://localhost:3000/_next/static/chunks/1lc1_next_dist_0oz01pn._.js:2477
[  114596ms] [LOG] [Fast Refresh] done in 114ms @ http://localhost:3000/_next/static/chunks/1lc1_next_dist_0oz01pn._.js:2477
[  114616ms] [ERROR] Failed to load resource: the server responded with a status of 404 (Not Found) @ http://localhost:3000/fonts/TWKLausanne/TWKLausanne-600.woff2:0
[  114618ms] [ERROR] Failed to load resource: the server responded with a status of 404 (Not Found) @ http://localhost:3000/fonts/TWKLausanne/TWKLausanne-800.woff2:0
[  179245ms] [LOG] [Fast Refresh] rebuilding @ http://localhost:3000/_next/static/chunks/1lc1_next_dist_0oz01pn._.js:2477
[  179320ms] [LOG] [Fast Refresh] done in 177ms @ http://localhost:3000/_next/static/chunks/1lc1_next_dist_0oz01pn._.js:2477
[  257131ms] [LOG] [Fast Refresh] rebuilding @ http://localhost:3000/_next/static/chunks/1lc1_next_dist_0oz01pn._.js:2477
[  257266ms] [LOG] [Fast Refresh] done in 84ms @ http://localhost:3000/_next/static/chunks/1lc1_next_dist_0oz01pn._.js:2477
