[     268ms] [INFO] %cDownload the React DevTools for a better development experience: https://react.dev/link/react-devtools font-weight:bold @ http://localhost:3000/_next/static/chunks/1lc1_next_dist_0oz01pn._.js:2477
[     329ms] [LOG] [HMR] connected @ http://localhost:3000/_next/static/chunks/1lc1_next_dist_0oz01pn._.js:2477
[     728ms] [ERROR] Failed to load resource: the server responded with a status of 404 (Not Found) @ http://localhost:3000/fonts/TWKLausanne/TWKLausanne-800.woff2:0
[     730ms] [ERROR] Failed to load resource: the server responded with a status of 404 (Not Found) @ http://localhost:3000/fonts/TWKLausanne/TWKLausanne-600.woff2:0
[    4040ms] [WARNING] [DEPRECATED] Use `createWithEqualityFn` instead of `create` or use `useStoreWithEqualityFn` instead of `useStore`. They can be imported from 'zustand/traditional'. https://github.com/pmndrs/zustand/discussions/1937 @ https://app.cal.com/_next/static/chunks/109kium80v1.q.js:8
[    4184ms] [LOG] [Fast Refresh] rebuilding @ http://localhost:3000/_next/static/chunks/1lc1_next_dist_0oz01pn._.js:2477
[    4187ms] [LOG] [Fast Refresh] done in 103ms @ http://localhost:3000/_next/static/chunks/1lc1_next_dist_0oz01pn._.js:2477
[    7871ms] [WARNING] The resource https://app.cal.com/_next/static/media/CalSansUI%5Bwght%2CGEOM%5D-s.p.17~pqx5aww0vr.woff2 was preloaded using link preload but not used within a few seconds from the window's load event. Please make sure it has an appropriate `as` value and it is preloaded intentionally. @ https://app.cal.com/beyond-dev-2wzrnz/15min/embed?layout=month_view&theme=light&embedType=inline&ui.color-scheme=light&embed=:0
[   12149ms] [WARNING] The resource https://app.cal.com/_next/static/media/CalSansUI%5Bwght%2CGEOM%5D-s.p.17~pqx5aww0vr.woff2 was preloaded using link preload but not used within a few seconds from the window's load event. Please make sure it has an appropriate `as` value and it is preloaded intentionally. @ https://app.cal.com/beyond-dev-2wzrnz/15min/embed?layout=month_view&theme=light&embedType=inline&ui.color-scheme=light&embed=:0
[  203589ms] [LOG] [Fast Refresh] rebuilding @ http://localhost:3000/_next/static/chunks/1lc1_next_dist_0oz01pn._.js:2477
[  203777ms] [LOG] [Fast Refresh] done in 279ms @ http://localhost:3000/_next/static/chunks/1lc1_next_dist_0oz01pn._.js:2477
[  203884ms] [LOG] [Fast Refresh] rebuilding @ http://localhost:3000/_next/static/chunks/1lc1_next_dist_0oz01pn._.js:2477
[  204219ms] [LOG] [Fast Refresh] done in 436ms @ http://localhost:3000/_next/static/chunks/1lc1_next_dist_0oz01pn._.js:2477
[  204336ms] [LOG] [Fast Refresh] rebuilding @ http://localhost:3000/_next/static/chunks/1lc1_next_dist_0oz01pn._.js:2477
[  204347ms] [LOG] [Fast Refresh] done in 113ms @ http://localhost:3000/_next/static/chunks/1lc1_next_dist_0oz01pn._.js:2477
[  204553ms] [LOG] [Fast Refresh] rebuilding @ http://localhost:3000/_next/static/chunks/1lc1_next_dist_0oz01pn._.js:2477
[  204897ms] [LOG] [Fast Refresh] done in 449ms @ http://localhost:3000/_next/static/chunks/1lc1_next_dist_0oz01pn._.js:2477
[  205106ms] [LOG] [Fast Refresh] rebuilding @ http://localhost:3000/_next/static/chunks/1lc1_next_dist_0oz01pn._.js:2477
[  205188ms] [LOG] [Fast Refresh] done in 183ms @ http://localhost:3000/_next/static/chunks/1lc1_next_dist_0oz01pn._.js:2477
[  205256ms] [ERROR] Failed to load resource: the server responded with a status of 404 (Not Found) @ http://localhost:3000/fonts/TWKLausanne/TWKLausanne-800.woff2:0
[  205268ms] [ERROR] Failed to load resource: the server responded with a status of 404 (Not Found) @ http://localhost:3000/fonts/TWKLausanne/TWKLausanne-600.woff2:0
[ 1210880ms] [WARNING] The resource https://app.cal.com/_next/static/media/CalSansUI%5Bwght%2CGEOM%5D-s.p.17~pqx5aww0vr.woff2 was preloaded using link preload but not used within a few seconds from the window's load event. Please make sure it has an appropriate `as` value and it is preloaded intentionally. @ https://app.cal.com/beyond-dev-2wzrnz/15min/embed?layout=month_view&theme=light&embedType=inline&ui.color-scheme=light&embed=:0
[ 1216042ms] [WARNING] The resource https://app.cal.com/_next/static/media/CalSansUI%5Bwght%2CGEOM%5D-s.p.17~pqx5aww0vr.woff2 was preloaded using link preload but not used within a few seconds from the window's load event. Please make sure it has an appropriate `as` value and it is preloaded intentionally. @ https://app.cal.com/beyond-dev-2wzrnz/15min/embed?layout=month_view&theme=light&embedType=inline&ui.color-scheme=light&embed=:0
